<?xml version="1.0" encoding="UTF-8"?>
<!-- Generated by org.testng.reporters.JUnitReportReporter -->
<testsuite hostname="DESKTOP-8S455D7" failures="0" tests="1" name="com.crm.comcast.orgTest.CreateOrgTestIndustryTest" time="22.262" errors="0" timestamp="06 Oct 2021 10:49:57 GMT" skipped="0">
  <testcase classname="com.crm.comcast.orgTest.CreateOrgTestIndustryTest" name="createOrgTestWithIndustriesTest" time="22.262"/>
</testsuite> <!-- com.crm.comcast.orgTest.CreateOrgTestIndustryTest -->
