<?xml version="1.0" encoding="UTF-8"?>
<!-- Generated by org.testng.reporters.JUnitReportReporter -->
<testsuite hostname="DESKTOP-8S455D7" failures="0" tests="3" name="practice.CreateConatctTest" time="0.015" errors="0" timestamp="06 Oct 2021 10:20:34 GMT" skipped="0">
  <testcase classname="practice.CreateConatctTest" name="createConatctTest" time="0.011"/>
  <testcase classname="practice.CreateConatctTest" name="login" time="0.002"/>
  <testcase classname="practice.CreateConatctTest" name="navigateToCoantctTest" time="0.002"/>
</testsuite> <!-- practice.CreateConatctTest -->
