<?xml version="1.0" encoding="UTF-8"?>
<!-- Generated by org.testng.reporters.JUnitReportReporter -->
<testsuite hostname="DESKTOP-8S455D7" failures="0" tests="1" name="com.crm.comcast.orgTest.CreateOrgWithEmailTest" time="29.258" errors="0" timestamp="06 Oct 2021 10:49:57 GMT" skipped="0">
  <testcase classname="com.crm.comcast.orgTest.CreateOrgWithEmailTest" name="createOrgWithEmailTest" time="29.258"/>
</testsuite> <!-- com.crm.comcast.orgTest.CreateOrgWithEmailTest -->
